mode: set
onlineAccountCreator/routes/routeUtility.go:82.54,86.27 3 1
onlineAccountCreator/routes/routeUtility.go:101.2,101.29 1 1
onlineAccountCreator/routes/routeUtility.go:116.2,116.24 1 1
onlineAccountCreator/routes/routeUtility.go:131.2,131.26 1 1
onlineAccountCreator/routes/routeUtility.go:146.2,146.29 1 1
onlineAccountCreator/routes/routeUtility.go:161.2,161.27 1 1
onlineAccountCreator/routes/routeUtility.go:176.2,176.25 1 1
onlineAccountCreator/routes/routeUtility.go:191.2,191.28 1 1
onlineAccountCreator/routes/routeUtility.go:205.2,206.13 2 1
onlineAccountCreator/routes/routeUtility.go:86.27,99.3 9 1
onlineAccountCreator/routes/routeUtility.go:101.29,114.3 9 1
onlineAccountCreator/routes/routeUtility.go:116.24,129.3 9 1
onlineAccountCreator/routes/routeUtility.go:131.26,144.3 9 1
onlineAccountCreator/routes/routeUtility.go:146.29,159.3 9 1
onlineAccountCreator/routes/routeUtility.go:161.27,174.3 9 1
onlineAccountCreator/routes/routeUtility.go:176.25,189.3 9 1
onlineAccountCreator/routes/routeUtility.go:191.28,204.3 9 1
