mode: set
onlineAccountCreator/handlers/accountHandler.go:38.76,82.2 19 1
onlineAccountCreator/handlers/handler.go:44.42,46.36 2 1
onlineAccountCreator/handlers/handler.go:51.2,51.12 1 1
onlineAccountCreator/handlers/handler.go:46.36,48.3 1 1
onlineAccountCreator/handlers/handler.go:48.3,50.3 1 1
onlineAccountCreator/handlers/handler.go:55.40,57.34 2 1
onlineAccountCreator/handlers/handler.go:62.2,62.12 1 1
onlineAccountCreator/handlers/handler.go:57.34,59.3 1 1
onlineAccountCreator/handlers/handler.go:59.3,61.3 1 1
onlineAccountCreator/handlers/handler.go:66.38,68.37 2 1
onlineAccountCreator/handlers/handler.go:73.2,73.12 1 1
onlineAccountCreator/handlers/handler.go:68.37,70.3 1 1
onlineAccountCreator/handlers/handler.go:70.3,72.3 1 1
onlineAccountCreator/handlers/handler.go:77.40,79.34 2 1
onlineAccountCreator/handlers/handler.go:84.2,84.12 1 1
onlineAccountCreator/handlers/handler.go:79.34,81.3 1 1
onlineAccountCreator/handlers/handler.go:81.3,83.3 1 1
onlineAccountCreator/handlers/handler.go:88.38,90.32 2 1
onlineAccountCreator/handlers/handler.go:95.2,95.12 1 1
onlineAccountCreator/handlers/handler.go:90.32,92.3 1 1
onlineAccountCreator/handlers/handler.go:92.3,94.3 1 1
onlineAccountCreator/handlers/handler.go:99.47,100.39 1 1
onlineAccountCreator/handlers/handler.go:105.2,106.30 2 1
onlineAccountCreator/handlers/handler.go:100.39,102.3 1 1
onlineAccountCreator/handlers/handler.go:102.3,104.3 1 1
onlineAccountCreator/handlers/handler.go:109.58,115.26 4 1
onlineAccountCreator/handlers/handler.go:124.2,126.12 3 1
onlineAccountCreator/handlers/handler.go:115.26,116.64 1 1
onlineAccountCreator/handlers/handler.go:116.64,117.29 1 1
onlineAccountCreator/handlers/handler.go:117.29,119.10 2 1
onlineAccountCreator/handlers/indexHandler.go:34.71,59.2 1 1
