mode: set
onlineAccountCreator/handlers/accountHandler.go:50.76,79.28 22 1
onlineAccountCreator/handlers/accountHandler.go:79.28,104.33 24 1
onlineAccountCreator/handlers/accountHandler.go:112.3,112.68 1 1
onlineAccountCreator/handlers/accountHandler.go:104.33,110.4 4 1
onlineAccountCreator/handlers/accountHandler.go:135.72,165.2 7 1
onlineAccountCreator/handlers/handler.go:48.42,50.36 2 1
onlineAccountCreator/handlers/handler.go:55.2,55.12 1 1
onlineAccountCreator/handlers/handler.go:50.36,52.3 1 1
onlineAccountCreator/handlers/handler.go:52.3,54.3 1 1
onlineAccountCreator/handlers/handler.go:59.40,61.34 2 1
onlineAccountCreator/handlers/handler.go:66.2,66.12 1 1
onlineAccountCreator/handlers/handler.go:61.34,63.3 1 1
onlineAccountCreator/handlers/handler.go:63.3,65.3 1 1
onlineAccountCreator/handlers/handler.go:70.38,72.37 2 1
onlineAccountCreator/handlers/handler.go:77.2,77.12 1 1
onlineAccountCreator/handlers/handler.go:72.37,74.3 1 1
onlineAccountCreator/handlers/handler.go:74.3,76.3 1 1
onlineAccountCreator/handlers/handler.go:81.40,83.34 2 1
onlineAccountCreator/handlers/handler.go:88.2,88.12 1 1
onlineAccountCreator/handlers/handler.go:83.34,85.3 1 1
onlineAccountCreator/handlers/handler.go:85.3,87.3 1 1
onlineAccountCreator/handlers/handler.go:92.38,94.32 2 1
onlineAccountCreator/handlers/handler.go:99.2,99.12 1 1
onlineAccountCreator/handlers/handler.go:94.32,96.3 1 1
onlineAccountCreator/handlers/handler.go:96.3,98.3 1 1
onlineAccountCreator/handlers/handler.go:103.47,104.39 1 1
onlineAccountCreator/handlers/handler.go:104.39,106.3 1 1
onlineAccountCreator/handlers/handler.go:106.3,108.3 1 1
onlineAccountCreator/handlers/handler.go:114.43,116.37 2 1
onlineAccountCreator/handlers/handler.go:123.2,123.12 1 1
onlineAccountCreator/handlers/handler.go:116.37,118.3 1 1
onlineAccountCreator/handlers/handler.go:118.3,120.3 1 1
onlineAccountCreator/handlers/handler.go:127.51,128.50 1 1
onlineAccountCreator/handlers/handler.go:128.50,130.3 1 1
onlineAccountCreator/handlers/handler.go:130.3,132.3 1 1
onlineAccountCreator/handlers/handler.go:136.48,148.17 7 1
onlineAccountCreator/handlers/handler.go:153.2,153.12 1 1
onlineAccountCreator/handlers/handler.go:148.17,152.3 1 1
onlineAccountCreator/handlers/handler.go:156.73,161.26 3 1
onlineAccountCreator/handlers/handler.go:178.2,186.12 8 1
onlineAccountCreator/handlers/handler.go:161.26,162.64 1 1
onlineAccountCreator/handlers/handler.go:162.64,163.29 1 1
onlineAccountCreator/handlers/handler.go:163.29,165.10 2 1
onlineAccountCreator/handlers/indexHandler.go:34.71,59.2 1 1
