mode: set
onlineAccountCreator/services/oauth2ClientService.go:65.70,74.17 5 1
onlineAccountCreator/services/oauth2ClientService.go:103.2,103.12 1 1
onlineAccountCreator/services/oauth2ClientService.go:74.17,77.3 2 1
onlineAccountCreator/services/oauth2ClientService.go:77.3,86.18 7 1
onlineAccountCreator/services/oauth2ClientService.go:86.18,89.4 2 1
onlineAccountCreator/services/oauth2ClientService.go:89.4,100.4 3 1
onlineAccountCreator/services/oauth2ClientService.go:147.60,152.17 4 1
onlineAccountCreator/services/oauth2ClientService.go:174.2,174.12 1 1
onlineAccountCreator/services/oauth2ClientService.go:152.17,155.3 2 1
onlineAccountCreator/services/oauth2ClientService.go:155.3,161.18 6 1
onlineAccountCreator/services/oauth2ClientService.go:161.18,164.4 2 1
onlineAccountCreator/services/oauth2ClientService.go:164.4,172.4 2 1
onlineAccountCreator/services/oauth2ClientService.go:249.65,266.17 10 1
onlineAccountCreator/services/oauth2ClientService.go:280.2,280.12 1 1
onlineAccountCreator/services/oauth2ClientService.go:266.17,269.3 2 1
onlineAccountCreator/services/oauth2ClientService.go:269.3,278.3 3 1
onlineAccountCreator/services/oauth2GrantTypeService.go:61.75,71.17 5 1
onlineAccountCreator/services/oauth2GrantTypeService.go:100.2,100.12 1 1
onlineAccountCreator/services/oauth2GrantTypeService.go:71.17,74.3 2 1
onlineAccountCreator/services/oauth2GrantTypeService.go:74.3,83.18 7 1
onlineAccountCreator/services/oauth2GrantTypeService.go:83.18,86.4 2 1
onlineAccountCreator/services/oauth2GrantTypeService.go:86.4,97.4 3 1
onlineAccountCreator/services/oauth2GrantTypeService.go:134.74,151.17 10 1
onlineAccountCreator/services/oauth2GrantTypeService.go:165.2,165.12 1 1
onlineAccountCreator/services/oauth2GrantTypeService.go:151.17,154.3 2 1
onlineAccountCreator/services/oauth2GrantTypeService.go:154.3,163.3 3 1
onlineAccountCreator/services/oauth2RedirectUriService.go:61.83,71.17 5 1
onlineAccountCreator/services/oauth2RedirectUriService.go:100.2,100.12 1 1
onlineAccountCreator/services/oauth2RedirectUriService.go:71.17,74.3 2 1
onlineAccountCreator/services/oauth2RedirectUriService.go:74.3,83.18 7 1
onlineAccountCreator/services/oauth2RedirectUriService.go:83.18,86.4 2 1
onlineAccountCreator/services/oauth2RedirectUriService.go:86.4,97.4 3 1
onlineAccountCreator/services/oauth2RedirectUriService.go:104.81,109.17 4 1
onlineAccountCreator/services/oauth2RedirectUriService.go:131.2,131.13 1 1
onlineAccountCreator/services/oauth2RedirectUriService.go:109.17,112.3 2 1
onlineAccountCreator/services/oauth2RedirectUriService.go:112.3,118.18 6 1
onlineAccountCreator/services/oauth2RedirectUriService.go:118.18,121.4 2 1
onlineAccountCreator/services/oauth2RedirectUriService.go:121.4,129.4 2 1
onlineAccountCreator/services/service.go:36.65,40.17 2 1
onlineAccountCreator/services/service.go:59.2,59.12 1 1
onlineAccountCreator/services/service.go:40.17,45.17 3 1
onlineAccountCreator/services/service.go:50.3,50.17 1 1
onlineAccountCreator/services/service.go:45.17,49.4 1 1
onlineAccountCreator/services/service.go:50.17,53.4 2 1
onlineAccountCreator/services/service.go:53.4,55.4 1 1
onlineAccountCreator/services/service.go:56.3,58.3 1 1
onlineAccountCreator/services/service.go:63.45,68.2 2 1
