mode: set
onlineAccountCreator/managers/roleManager.go:40.98,57.2 15 1
onlineAccountCreator/managers/userManager.go:34.92,41.30 7 1
onlineAccountCreator/managers/userManager.go:47.2,59.12 13 1
onlineAccountCreator/managers/userManager.go:41.30,42.24 1 1
onlineAccountCreator/managers/userManager.go:42.24,44.9 2 1
onlineAccountCreator/managers/allowerUriManager.go:43.96,56.26 10 1
onlineAccountCreator/managers/allowerUriManager.go:59.2,67.30 8 1
onlineAccountCreator/managers/allowerUriManager.go:70.2,72.25 3 1
onlineAccountCreator/managers/allowerUriManager.go:87.2,88.13 2 1
onlineAccountCreator/managers/allowerUriManager.go:91.2,94.13 3 1
onlineAccountCreator/managers/allowerUriManager.go:56.26,58.3 1 1
onlineAccountCreator/managers/allowerUriManager.go:67.30,69.3 1 1
onlineAccountCreator/managers/allowerUriManager.go:72.25,76.37 2 1
onlineAccountCreator/managers/allowerUriManager.go:76.37,81.27 3 1
onlineAccountCreator/managers/allowerUriManager.go:81.27,84.5 2 1
onlineAccountCreator/managers/allowerUriManager.go:88.13,90.3 1 1
onlineAccountCreator/managers/allowerUriManager.go:97.115,103.20 6 1
onlineAccountCreator/managers/allowerUriManager.go:109.2,109.22 1 1
onlineAccountCreator/managers/allowerUriManager.go:103.20,108.3 4 1
onlineAccountCreator/managers/allowerUriManager.go:112.91,116.13 2 1
onlineAccountCreator/managers/allowerUriManager.go:137.2,137.12 1 1
onlineAccountCreator/managers/allowerUriManager.go:116.13,128.21 9 1
onlineAccountCreator/managers/allowerUriManager.go:128.21,131.4 2 1
onlineAccountCreator/managers/allowerUriManager.go:131.4,135.4 1 1
onlineAccountCreator/managers/clientManager.go:34.96,47.30 12 1
onlineAccountCreator/managers/clientManager.go:52.2,58.12 7 1
onlineAccountCreator/managers/clientManager.go:47.30,51.3 3 1
onlineAccountCreator/managers/grantTypeManager.go:41.102,64.2 15 1
onlineAccountCreator/managers/manager.go:64.98,72.17 8 1
onlineAccountCreator/managers/manager.go:99.2,99.13 1 1
onlineAccountCreator/managers/manager.go:72.17,82.19 9 1
onlineAccountCreator/managers/manager.go:82.19,86.20 4 1
onlineAccountCreator/managers/manager.go:86.20,90.22 4 1
onlineAccountCreator/managers/manager.go:90.22,95.6 4 1
onlineAccountCreator/managers/manager.go:103.36,105.2 1 1
onlineAccountCreator/managers/manager.go:107.13,109.2 1 1
onlineAccountCreator/managers/manager.go:114.36,116.19 2 1
onlineAccountCreator/managers/manager.go:119.2,119.18 1 1
onlineAccountCreator/managers/manager.go:116.19,118.3 1 1
